2025-08-30 15:16:59,642 - INFO - ============================================================
2025-08-30 15:16:59,644 - INFO - Starting ETL Orchestrator
2025-08-30 15:16:59,644 - INFO - Start time: 2025-08-30 15:16:59.642790
2025-08-30 15:16:59,644 - INFO - ============================================================
2025-08-30 15:16:59,644 - INFO - 
========================================
2025-08-30 15:16:59,644 - INFO - PHASE 1: GitHub Repository Metrics
2025-08-30 15:16:59,644 - INFO - ========================================
2025-08-30 15:16:59,646 - INFO - Starting GitHub ETL process...
2025-08-30 15:17:20,726 - INFO - Snowflake Connector for Python Version: 3.17.2, Python Version: 3.10.10, Platform: Windows-10-10.0.26100-SP0
2025-08-30 15:17:20,726 - INFO - Connecting to GLOBAL Snowflake domain
2025-08-30 15:17:27,986 - INFO - GitHub ETL completed successfully
2025-08-30 15:17:27,986 - INFO - 
========================================
2025-08-30 15:17:27,987 - INFO - PHASE 2: PyPI Download Statistics
2025-08-30 15:17:27,987 - INFO - ========================================
2025-08-30 15:17:27,987 - INFO - Starting PyPI ETL process...
2025-08-30 15:17:44,435 - INFO - Snowflake Connector for Python Version: 3.17.2, Python Version: 3.10.10, Platform: Windows-10-10.0.26100-SP0
2025-08-30 15:17:44,435 - INFO - Connecting to GLOBAL Snowflake domain
2025-08-30 15:17:48,505 - INFO - PyPI ETL completed successfully
2025-08-30 15:17:48,505 - INFO - 
============================================================
2025-08-30 15:17:48,506 - INFO - ETL ORCHESTRATOR SUMMARY
2025-08-30 15:17:48,506 - INFO - ============================================================
2025-08-30 15:17:48,506 - INFO - Start time: 2025-08-30 15:16:59.642790
2025-08-30 15:17:48,507 - INFO - End time: 2025-08-30 15:17:48.505094
2025-08-30 15:17:48,507 - INFO - Total duration: 0:00:48.862304
2025-08-30 15:17:48,507 - INFO - 
2025-08-30 15:17:48,508 - INFO - Process Results:
2025-08-30 15:17:48,508 - INFO -   GitHub ETL: SUCCESS
2025-08-30 15:17:48,508 - INFO -   PyPI ETL: SUCCESS
2025-08-30 15:17:48,508 - INFO - 
2025-08-30 15:17:48,509 - INFO - Overall Status: SUCCESS
2025-08-30 15:17:48,509 - INFO - ============================================================
2025-08-30 16:09:09,411 - INFO - ============================================================
2025-08-30 16:09:09,413 - INFO - Starting ETL Orchestrator
2025-08-30 16:09:09,413 - INFO - Start time: 2025-08-30 16:09:09.411284
2025-08-30 16:09:09,413 - INFO - ============================================================
2025-08-30 16:09:09,414 - INFO - 
========================================
2025-08-30 16:09:09,414 - INFO - PHASE 1: GitHub Repository Metrics
2025-08-30 16:09:09,414 - INFO - ========================================
2025-08-30 16:09:09,415 - INFO - Starting GitHub ETL process...
2025-08-30 16:09:32,909 - INFO - Snowflake Connector for Python Version: 3.17.2, Python Version: 3.10.10, Platform: Windows-10-10.0.26100-SP0
2025-08-30 16:09:32,909 - INFO - Connecting to GLOBAL Snowflake domain
2025-08-30 16:09:40,040 - INFO - GitHub ETL completed successfully
2025-08-30 16:09:40,041 - INFO - 
========================================
2025-08-30 16:09:40,041 - INFO - PHASE 2: PyPI Download Statistics
2025-08-30 16:09:40,041 - INFO - ========================================
2025-08-30 16:09:40,042 - INFO - Starting PyPI ETL process...
2025-08-30 16:10:00,254 - INFO - Snowflake Connector for Python Version: 3.17.2, Python Version: 3.10.10, Platform: Windows-10-10.0.26100-SP0
2025-08-30 16:10:00,254 - INFO - Connecting to GLOBAL Snowflake domain
2025-08-30 16:10:04,258 - INFO - PyPI ETL completed successfully
2025-08-30 16:10:04,259 - INFO - 
========================================
2025-08-30 16:10:04,259 - INFO - PHASE 3: Combining Metrics into Public Table
2025-08-30 16:10:04,260 - INFO - ========================================
2025-08-30 16:10:04,260 - INFO - Starting metrics combination ETL process...
2025-08-30 16:10:04,269 - INFO - Snowflake Connector for Python Version: 3.17.2, Python Version: 3.10.10, Platform: Windows-10-10.0.26100-SP0
2025-08-30 16:10:04,270 - INFO - Connecting to GLOBAL Snowflake domain
2025-08-30 16:10:05,658 - INFO - Metrics combination ETL completed successfully
2025-08-30 16:10:05,659 - INFO - 
============================================================
2025-08-30 16:10:05,659 - INFO - ETL ORCHESTRATOR SUMMARY
2025-08-30 16:10:05,659 - INFO - ============================================================
2025-08-30 16:10:05,660 - INFO - Start time: 2025-08-30 16:09:09.411284
2025-08-30 16:10:05,660 - INFO - End time: 2025-08-30 16:10:05.659272
2025-08-30 16:10:05,660 - INFO - Total duration: 0:00:56.247988
2025-08-30 16:10:05,660 - INFO - 
2025-08-30 16:10:05,661 - INFO - Process Results:
2025-08-30 16:10:05,661 - INFO -   GitHub ETL: SUCCESS
2025-08-30 16:10:05,661 - INFO -   PyPI ETL: SUCCESS
2025-08-30 16:10:05,662 - INFO -   Load Public ETL: SUCCESS
2025-08-30 16:10:05,662 - INFO - 
2025-08-30 16:10:05,662 - INFO - Overall Status: SUCCESS
2025-08-30 16:10:05,662 - INFO - ============================================================
2025-08-30 16:34:40,543 - INFO - ============================================================
2025-08-30 16:34:40,544 - INFO - Starting ETL Orchestrator
2025-08-30 16:34:40,544 - INFO - Start time: 2025-08-30 16:34:40.542119
2025-08-30 16:34:40,544 - INFO - ============================================================
2025-08-30 16:34:40,545 - INFO - 
========================================
2025-08-30 16:34:40,545 - INFO - PHASE 1: GitHub Repository Metrics
2025-08-30 16:34:40,545 - INFO - ========================================
2025-08-30 16:34:40,546 - INFO - Starting GitHub ETL process...
2025-08-30 16:35:01,121 - INFO - Snowflake Connector for Python Version: 3.17.2, Python Version: 3.10.10, Platform: Windows-10-10.0.26100-SP0
2025-08-30 16:35:01,122 - INFO - Connecting to GLOBAL Snowflake domain
2025-08-30 16:35:04,862 - ERROR - GitHub ETL failed: 003001 (42501): 01beb7ab-0000-2fa3-0000-32cd00020236: SQL access control error:
Insufficient privileges to operate on table 'GITHUB_REPO_METRICS'
2025-08-30 16:35:04,865 - ERROR - Traceback (most recent call last):
  File "G:\My Drive\Random\Scaletech_202508\src\main.py", line 37, in run_github_etl
    github_repo_etl.main()
  File "G:\My Drive\Random\Scaletech_202508\src\github_repo_etl.py", line 175, in main
    insert_metrics(all_metrics, config['snowflake'])
  File "G:\My Drive\Random\Scaletech_202508\src\github_repo_etl.py", line 130, in insert_metrics
    cursor.execute(sql, (
  File "G:\My Drive\Random\Scaletech_202508\scaletech\lib\site-packages\snowflake\connector\cursor.py", line 1142, in execute
    Error.errorhandler_wrapper(self.connection, self, error_class, errvalue)
  File "G:\My Drive\Random\Scaletech_202508\scaletech\lib\site-packages\snowflake\connector\errors.py", line 286, in errorhandler_wrapper
    handed_over = Error.hand_to_other_handler(
  File "G:\My Drive\Random\Scaletech_202508\scaletech\lib\site-packages\snowflake\connector\errors.py", line 341, in hand_to_other_handler
    cursor.errorhandler(connection, cursor, error_class, error_value)
  File "G:\My Drive\Random\Scaletech_202508\scaletech\lib\site-packages\snowflake\connector\errors.py", line 217, in default_errorhandler
    raise error_class(
snowflake.connector.errors.ProgrammingError: 003001 (42501): 01beb7ab-0000-2fa3-0000-32cd00020236: SQL access control error:
Insufficient privileges to operate on table 'GITHUB_REPO_METRICS'

2025-08-30 16:35:04,865 - INFO - 
========================================
2025-08-30 16:35:04,866 - INFO - PHASE 2: PyPI Download Statistics
2025-08-30 16:35:04,866 - INFO - ========================================
2025-08-30 16:35:04,866 - INFO - Starting PyPI ETL process...
